<?xml version="1.0" encoding="UTF-8"?>
<Site BuildName="(empty)"
	BuildStamp="20241215-1528-Experimental"
	Name="Jagjeevans-Laptop-2.local"
	Generator="ctest-3.28.3"
	CompilerName="/opt/homebrew/bin/aarch64-apple-darwin24-g++-14"
	CompilerVersion="14.2.0"
	OSName="macOS"
	Hostname="Jagjeevans-Laptop-2.local"
	OSRelease="15.2"
	OSVersion="24C101"
	OSPlatform="arm64"
	Is64Bits="1"
	VendorString="IBM"
	VendorID="IBM"
	FamilyID="16777228"
	ModelID="2"
	ProcessorCacheSize="131072"
	NumberOfLogicalCPU="8"
	NumberOfPhysicalCPU="8"
	TotalVirtualMemory="2048"
	TotalPhysicalMemory="8192"
	LogicalProcessorsPerPhysical="8"
	ProcessorClockFrequency="0"
	>
	<Testing>
		<StartDateTime>Dec 15 20:58 IST</StartDateTime>
		<StartTestTime>1734276529</StartTestTime>
		<TestList/>
		<EndDateTime>Dec 15 20:58 IST</EndDateTime>
		<EndTestTime>1734276529</EndTestTime>
		<ElapsedMinutes>0</ElapsedMinutes>
	</Testing>
</Site>
